Activating RabbitMQ plugins ...
0 plugins activated:


+---+   +---+
|   |   |   |
|   |   |   |
|   |   |   |
|   +---+   +-------+
|                   |
| RabbitMQ  +---+   |
|           |   |   |
|   v2.7.1  +---+   |
|                   |
+-------------------+
AMQP 0-9-1 / 0-9 / 0-8
Copyright (C) 2007-2011 VMware, Inc.
Licensed under the MPL.  See http://www.rabbitmq.com/

node           : rabbit@emmett-ThinkPad-T400
app descriptor : /usr/lib/rabbitmq/lib/rabbitmq_server-2.7.1/sbin/../ebin/rabbit.app
home dir       : /var/lib/rabbitmq
config file(s) : (none)
cookie hash    : agSzsJ03BFdPFMtIV9E4qQ==
log            : /var/log/rabbitmq/rabbit@emmett-ThinkPad-T400.log
sasl log       : /var/log/rabbitmq/rabbit@emmett-ThinkPad-T400-sasl.log
database dir   : /var/lib/rabbitmq/mnesia/rabbit@emmett-ThinkPad-T400
erlang version : 5.8.5

-- rabbit boot start
starting file handle cache server                                     ...done
starting worker pool                                                  ...done
starting database                                                     ...done
starting codec correctness check                                      ...done
-- external infrastructure ready
starting plugin registry                                              ...done
starting auth mechanism cr-demo                                       ...done
starting auth mechanism amqplain                                      ...done
starting auth mechanism plain                                         ...done
starting statistics event manager                                     ...done
starting logging server                                               ...done
starting exchange type direct                                         ...done
starting exchange type fanout                                         ...done
starting exchange type headers                                        ...done
starting exchange type topic                                          ...done
-- kernel ready
starting alarm handler                                                ...done
starting node monitor                                                 ...done
starting cluster delegate                                             ...done
starting guid generator                                               ...done
starting memory monitor                                               ...done
-- core initialized
starting empty DB check                                               ...done
starting exchange, queue and binding recovery                         ...done
starting mirror queue slave sup                                       ...done
starting adding mirrors to queues                                     ...done
-- message delivery logic ready
starting error log relay                                              ...done
starting networking                                                   ...done
starting direct_client                                                ...done
starting notify cluster nodes                                         ...done

broker running
